<?xml version="1.0" encoding="UTF-8"?>
<testsuite xmlns:xsi="http://www.w3.org/2001/XMLSchema-instance" xsi:noNamespaceSchemaLocation="https://maven.apache.org/surefire/maven-surefire-plugin/xsd/surefire-test-report.xsd" name="TestSuite" time="6.611" tests="8" errors="0" skipped="0" failures="5">
  <properties>
    <property name="java.specification.version" value="22"/>
    <property name="sun.cpu.isalist" value="amd64"/>
    <property name="sun.jnu.encoding" value="Cp1252"/>
    <property name="java.class.path" value="C:\apache-maven-3.9.9\boot\plexus-classworlds-2.8.0.jar"/>
    <property name="java.vm.vendor" value="Oracle Corporation"/>
    <property name="sun.arch.data.model" value="64"/>
    <property name="user.variant" value=""/>
    <property name="java.vendor.url" value="https://java.oracle.com/"/>
    <property name="user.timezone" value="Asia/Colombo"/>
    <property name="maven.conf" value="C:\apache-maven-3.9.9/conf"/>
    <property name="java.vm.specification.version" value="22"/>
    <property name="os.name" value="Windows 11"/>
    <property name="sun.java.launcher" value="SUN_STANDARD"/>
    <property name="user.country" value="GB"/>
    <property name="sun.boot.library.path" value="C:\Program Files\Java\jdk-22\bin"/>
    <property name="sun.java.command" value="org.codehaus.plexus.classworlds.launcher.Launcher test"/>
    <property name="jdk.debug" value="release"/>
    <property name="maven.home" value="C:\apache-maven-3.9.9"/>
    <property name="sun.cpu.endian" value="little"/>
    <property name="user.home" value="C:\Users\hasit"/>
    <property name="user.language" value="en"/>
    <property name="java.specification.vendor" value="Oracle Corporation"/>
    <property name="java.version.date" value="2024-07-16"/>
    <property name="java.home" value="C:\Program Files\Java\jdk-22"/>
    <property name="file.separator" value="\"/>
    <property name="java.vm.compressedOopsMode" value="Zero based"/>
    <property name="line.separator" value="&#10;"/>
    <property name="java.vm.specification.vendor" value="Oracle Corporation"/>
    <property name="java.specification.name" value="Java Platform API Specification"/>
    <property name="user.script" value=""/>
    <property name="sun.management.compiler" value="HotSpot 64-Bit Tiered Compilers"/>
    <property name="java.runtime.version" value="22.0.2+9-70"/>
    <property name="user.name" value="hasit"/>
    <property name="stdout.encoding" value="cp437"/>
    <property name="path.separator" value=";"/>
    <property name="os.version" value="10.0"/>
    <property name="java.runtime.name" value="Java(TM) SE Runtime Environment"/>
    <property name="file.encoding" value="UTF-8"/>
    <property name="guice.disable.misplaced.annotation.check" value="true"/>
    <property name="java.vm.name" value="Java HotSpot(TM) 64-Bit Server VM"/>
    <property name="java.vendor.url.bug" value="https://bugreport.java.com/bugreport/"/>
    <property name="java.io.tmpdir" value="C:\Users\hasit\AppData\Local\Temp\"/>
    <property name="java.version" value="22.0.2"/>
    <property name="user.dir" value="D:\UOM\L4S1 academic\ITQA\ITQA-Group-5\APITesting"/>
    <property name="os.arch" value="amd64"/>
    <property name="maven.multiModuleProjectDirectory" value="D:\UOM\L4S1 academic\ITQA\ITQA-Group-5\APITesting"/>
    <property name="java.vm.specification.name" value="Java Virtual Machine Specification"/>
    <property name="sun.os.patch.level" value=""/>
    <property name="native.encoding" value="Cp1252"/>
    <property name="java.library.path" value="C:\Program Files\Java\jdk-22\bin;C:\WINDOWS\Sun\Java\bin;C:\WINDOWS\system32;C:\WINDOWS;C:\Program Files\Microsoft MPI\Bin\;C:\Program Files\Common Files\Oracle\Java\javapath;C:\Python312\Scripts\;C:\Python312\;C:\WINDOWS\system32;C:\WINDOWS;C:\WINDOWS\System32\Wbem;C:\WINDOWS\System32\WindowsPowerShell\v1.0\;C:\WINDOWS\System32\OpenSSH\;C:\Program Files\dotnet\;C:\Program Files (x86)\NVIDIA Corporation\PhysX\Common;C:\Program Files\NVIDIA Corporation\NVIDIA NvDLISR;C:\Program Files\Git\cmd;C:\Program Files\nodejs\;C:\ProgramData\chocolatey\bin;C:\Program Files\Java\jdk-22\bin;C:\Program Files\Microsoft SQL Server\150\Tools\Binn\;C:\Program Files\Microsoft SQL Server\Client SDK\ODBC\170\Tools\Binn\;C:\Program Files (x86)\Windows Kits\10\Windows Performance Toolkit\;C:\Program Files (x86)\Microsoft SQL Server\160\Tools\Binn\;C:\Program Files\Microsoft SQL Server\160\Tools\Binn\;C:\Program Files\Microsoft SQL Server\160\DTS\Binn\;C:\Program Files (x86)\Microsoft SQL Server\160\DTS\Binn\;C:\Program Files\Microsoft MPI\Bin;C:\apache-maven-3.9.9\bin;C:\Python312\Scripts;C:\WINDOWS\system32;C:\WINDOWS;C:\WINDOWS\System32\Wbem;C:\WINDOWS\System32\WindowsPowerShell\v1.0\;C:\WINDOWS\System32\OpenSSH\;C:\Users\hasit\Downloads\chromedriver-win64\chromedriver.exe;C:\Users\hasit\AppData\Local\Microsoft\WindowsApps;C:\Program Files\Git\bin;C:\Users\hasit\AppData\Local\GitHubDesktop\bin;C:\Users\hasit\AppData\Roaming\npm;C:\Users\hasit\AppData\Local\Programs\Microsoft VS Code\bin;C:\flutter\bin;C:\Program Files\JetBrains\IntelliJ IDEA 2024.2.1\bin;;C:\Program Files\Microsoft MPI\Bin;C:\apache-maven-3.9.9\bin;C:\Users\hasit\.dotnet\tools;;."/>
    <property name="java.vm.info" value="mixed mode, sharing"/>
    <property name="stderr.encoding" value="cp437"/>
    <property name="java.vendor" value="Oracle Corporation"/>
    <property name="java.vm.version" value="22.0.2+9-70"/>
    <property name="classworlds.conf" value="C:\apache-maven-3.9.9\bin\m2.conf"/>
    <property name="sun.io.unicode.encoding" value="UnicodeLittle"/>
    <property name="library.jansi.path" value="C:\apache-maven-3.9.9\lib\jansi-native"/>
    <property name="java.class.version" value="66.0"/>
  </properties>
  <testcase name="runScenario" classname="runner.TestRunner" time="2.68"/>
  <testcase name="runScenario" classname="runner.TestRunner" time="2.722">
    <failure message="Status code mismatch! expected [401] but found [200]" type="java.lang.AssertionError">java.lang.AssertionError: Status code mismatch! expected [401] but found [200]
</failure>
    <system-out><![CDATA[  Then the get all books API response should return status code 401      # org.example.stepdefs.GetAllBooksAPIStepDef.theAPIResponseShouldReturnStatusCode(int)
      java.lang.AssertionError: Status code mismatch! expected [401] but found [200]
	at org.testng.Assert.fail(Assert.java:110)
	at org.testng.Assert.failNotEquals(Assert.java:1577)
	at org.testng.Assert.assertEqualsImpl(Assert.java:149)
	at org.testng.Assert.assertEquals(Assert.java:131)
	at org.testng.Assert.assertEquals(Assert.java:1418)
	at org.testng.Assert.assertEquals(Assert.java:1382)
	at org.example.stepdefs.GetAllBooksAPIStepDef.theAPIResponseShouldReturnStatusCode(GetAllBooksAPIStepDef.java:129)
	at ✽.the get all books API response should return status code 401(file:///D:/UOM/L4S1%20academic/ITQA/ITQA-Group-5/APITesting/src/test/resources/features/get_all_books.feature:29)

  Then the get all books API response should return status code 401 # org.example.stepdefs.GetAllBooksAPIStepDef.theAPIResponseShouldReturnStatusCode(int)
      java.lang.AssertionError: Status code mismatch! expected [401] but found [200]
	at org.testng.Assert.fail(Assert.java:110)
	at org.testng.Assert.failNotEquals(Assert.java:1577)
	at org.testng.Assert.assertEqualsImpl(Assert.java:149)
	at org.testng.Assert.assertEquals(Assert.java:131)
	at org.testng.Assert.assertEquals(Assert.java:1418)
	at org.testng.Assert.assertEquals(Assert.java:1382)
	at org.example.stepdefs.GetAllBooksAPIStepDef.theAPIResponseShouldReturnStatusCode(GetAllBooksAPIStepDef.java:129)
	at ✽.the get all books API response should return status code 401(file:///D:/UOM/L4S1%20academic/ITQA/ITQA-Group-5/APITesting/src/test/resources/features/get_all_books.feature:39)

  Then the get all books API response should return status code 401     # org.example.stepdefs.GetAllBooksAPIStepDef.theAPIResponseShouldReturnStatusCode(int)
      java.lang.AssertionError: Status code mismatch! expected [401] but found [200]
	at org.testng.Assert.fail(Assert.java:110)
	at org.testng.Assert.failNotEquals(Assert.java:1577)
	at org.testng.Assert.assertEqualsImpl(Assert.java:149)
	at org.testng.Assert.assertEquals(Assert.java:131)
	at org.testng.Assert.assertEquals(Assert.java:1418)
	at org.testng.Assert.assertEquals(Assert.java:1382)
	at org.example.stepdefs.GetAllBooksAPIStepDef.theAPIResponseShouldReturnStatusCode(GetAllBooksAPIStepDef.java:129)
	at ✽.the get all books API response should return status code 401(file:///D:/UOM/L4S1%20academic/ITQA/ITQA-Group-5/APITesting/src/test/resources/features/get_all_books.feature:19)

  Then the get all books API response should return status code 401     # org.example.stepdefs.GetAllBooksAPIStepDef.theAPIResponseShouldReturnStatusCode(int)
      java.lang.AssertionError: Status code mismatch! expected [401] but found [200]
	at org.testng.Assert.fail(Assert.java:110)
	at org.testng.Assert.failNotEquals(Assert.java:1577)
	at org.testng.Assert.assertEqualsImpl(Assert.java:149)
	at org.testng.Assert.assertEquals(Assert.java:131)
	at org.testng.Assert.assertEquals(Assert.java:1418)
	at org.testng.Assert.assertEquals(Assert.java:1382)
	at org.example.stepdefs.GetAllBooksAPIStepDef.theAPIResponseShouldReturnStatusCode(GetAllBooksAPIStepDef.java:129)
	at ✽.the get all books API response should return status code 401(file:///D:/UOM/L4S1%20academic/ITQA/ITQA-Group-5/APITesting/src/test/resources/features/get_all_books.feature:24)

  Then the get all books API response should return status code 401      # org.example.stepdefs.GetAllBooksAPIStepDef.theAPIResponseShouldReturnStatusCode(int)
      java.lang.AssertionError: Status code mismatch! expected [401] but found [200]
	at org.testng.Assert.fail(Assert.java:110)
	at org.testng.Assert.failNotEquals(Assert.java:1577)
	at org.testng.Assert.assertEqualsImpl(Assert.java:149)
	at org.testng.Assert.assertEquals(Assert.java:131)
	at org.testng.Assert.assertEquals(Assert.java:1418)
	at org.testng.Assert.assertEquals(Assert.java:1382)
	at org.example.stepdefs.GetAllBooksAPIStepDef.theAPIResponseShouldReturnStatusCode(GetAllBooksAPIStepDef.java:129)
	at ✽.the get all books API response should return status code 401(file:///D:/UOM/L4S1%20academic/ITQA/ITQA-Group-5/APITesting/src/test/resources/features/get_all_books.feature:34)

]]></system-out>
  </testcase>
  <testcase name="runScenario" classname="runner.TestRunner" time="2.722">
    <failure message="Status code mismatch! expected [401] but found [200]" type="java.lang.AssertionError">java.lang.AssertionError: Status code mismatch! expected [401] but found [200]
</failure>
  </testcase>
  <testcase name="runScenario" classname="runner.TestRunner" time="2.722">
    <failure message="Status code mismatch! expected [401] but found [200]" type="java.lang.AssertionError">java.lang.AssertionError: Status code mismatch! expected [401] but found [200]
</failure>
  </testcase>
  <testcase name="runScenario" classname="runner.TestRunner" time="2.722">
    <failure message="Status code mismatch! expected [401] but found [200]" type="java.lang.AssertionError">java.lang.AssertionError: Status code mismatch! expected [401] but found [200]
</failure>
  </testcase>
  <testcase name="runScenario" classname="runner.TestRunner" time="2.722">
    <failure message="Status code mismatch! expected [401] but found [200]" type="java.lang.AssertionError">java.lang.AssertionError: Status code mismatch! expected [401] but found [200]
</failure>
  </testcase>
  <testcase name="runScenario" classname="runner.TestRunner" time="3"/>
  <testcase name="runScenario" classname="runner.TestRunner" time="3"/>
</testsuite>