<?xml version="1.0" encoding="UTF-8"?>
<testng-results ignored="0" total="8" passed="3" failed="5" skipped="0">
  <reporter-output>
  </reporter-output>
  <suite started-at="2025-01-02T12:59:19 IST" name="Cucumber Parallel Suite" finished-at="2025-01-02T12:59:25 IST" duration-ms="6037">
    <groups>
      <group name="cucumber">
        <method signature="AbstractTestNGCucumberTests.runScenario(io.cucumber.testng.PickleWrapper,io.cucumber.testng.FeatureWrapper)[pri:0, instance:runner.TestRunner@ef9296d]" name="runScenario" class="io.cucumber.testng.AbstractTestNGCucumberTests"/>
      </group> <!-- cucumber -->
    </groups>
    <test started-at="2025-01-02T12:59:19 IST" name="Cucumber Tests" finished-at="2025-01-02T12:59:25 IST" duration-ms="6037">
      <class name="runner.TestRunner">
        <test-method is-config="true" signature="setUpClass(org.testng.ITestContext)[pri:0, instance:runner.TestRunner@ef9296d]" started-at="2025-01-02T12:59:19 IST" name="setUpClass" finished-at="2025-01-02T12:59:20 IST" duration-ms="584" status="PASS">
          <params>
            <param index="0">
              <value>
                <![CDATA[org.testng.TestRunner@443118b0]]>
              </value>
            </param>
          </params>
          <reporter-output>
          </reporter-output>
        </test-method> <!-- setUpClass -->
        <test-method signature="runScenario(io.cucumber.testng.PickleWrapper,io.cucumber.testng.FeatureWrapper)[pri:0, instance:runner.TestRunner@ef9296d]" started-at="2025-01-02T12:59:20 IST" name="runScenario" description="Runs Cucumber Scenarios" data-provider="scenarios" finished-at="2025-01-02T12:59:23 IST" duration-ms="3002" status="PASS">
          <params>
            <param index="0">
              <value>
                <![CDATA["Get all books as an admin"]]>
              </value>
            </param>
            <param index="1">
              <value>
                <![CDATA["Get All Books API"]]>
              </value>
            </param>
          </params>
          <reporter-output>
          </reporter-output>
        </test-method> <!-- runScenario -->
        <test-method signature="runScenario(io.cucumber.testng.PickleWrapper,io.cucumber.testng.FeatureWrapper)[pri:0, instance:runner.TestRunner@ef9296d]" started-at="2025-01-02T12:59:20 IST" name="runScenario" description="Runs Cucumber Scenarios" data-provider="scenarios" finished-at="2025-01-02T12:59:23 IST" duration-ms="3002" status="PASS">
          <params>
            <param index="0">
              <value>
                <![CDATA["Get all books as a user"]]>
              </value>
            </param>
            <param index="1">
              <value>
                <![CDATA["Get All Books API"]]>
              </value>
            </param>
          </params>
          <reporter-output>
          </reporter-output>
        </test-method> <!-- runScenario -->
        <test-method signature="runScenario(io.cucumber.testng.PickleWrapper,io.cucumber.testng.FeatureWrapper)[pri:0, instance:runner.TestRunner@ef9296d]" started-at="2025-01-02T12:59:20 IST" name="runScenario" description="Runs Cucumber Scenarios" data-provider="scenarios" finished-at="2025-01-02T12:59:22 IST" duration-ms="2698" status="FAIL">
          <params>
            <param index="0">
              <value>
                <![CDATA["Get all books with invalid username for admin"]]>
              </value>
            </param>
            <param index="1">
              <value>
                <![CDATA["Get All Books API"]]>
              </value>
            </param>
          </params>
          <exception class="java.lang.AssertionError">
            <message>
              <![CDATA[Status code mismatch! expected [401] but found [200]]]>
            </message>
            <full-stacktrace>
              <![CDATA[java.lang.AssertionError: Status code mismatch! expected [401] but found [200]
at org.testng.Assert.fail(Assert.java:110)
at org.testng.Assert.failNotEquals(Assert.java:1577)
at org.testng.Assert.assertEqualsImpl(Assert.java:149)
at org.testng.Assert.assertEquals(Assert.java:131)
at org.testng.Assert.assertEquals(Assert.java:1418)
at org.testng.Assert.assertEquals(Assert.java:1382)
at org.example.stepdefs.GetAllBooksAPIStepDef.theAPIResponseShouldReturnStatusCode(GetAllBooksAPIStepDef.java:129)
at ✽.the get all books API response should return status code 401(file:///D:/UOM/L4S1%20academic/ITQA/ITQA-Group-5/APITesting/src/test/resources/features/get_all_books.feature:29)
]]>
            </full-stacktrace>
          </exception> <!-- java.lang.AssertionError -->
          <reporter-output>
          </reporter-output>
        </test-method> <!-- runScenario -->
        <test-method signature="runScenario(io.cucumber.testng.PickleWrapper,io.cucumber.testng.FeatureWrapper)[pri:0, instance:runner.TestRunner@ef9296d]" started-at="2025-01-02T12:59:20 IST" name="runScenario" description="Runs Cucumber Scenarios" data-provider="scenarios" finished-at="2025-01-02T12:59:22 IST" duration-ms="2698" status="FAIL">
          <params>
            <param index="0">
              <value>
                <![CDATA["Get all books with invalid username for user"]]>
              </value>
            </param>
            <param index="1">
              <value>
                <![CDATA["Get All Books API"]]>
              </value>
            </param>
          </params>
          <exception class="java.lang.AssertionError">
            <message>
              <![CDATA[Status code mismatch! expected [401] but found [200]]]>
            </message>
            <full-stacktrace>
              <![CDATA[java.lang.AssertionError: Status code mismatch! expected [401] but found [200]
at org.testng.Assert.fail(Assert.java:110)
at org.testng.Assert.failNotEquals(Assert.java:1577)
at org.testng.Assert.assertEqualsImpl(Assert.java:149)
at org.testng.Assert.assertEquals(Assert.java:131)
at org.testng.Assert.assertEquals(Assert.java:1418)
at org.testng.Assert.assertEquals(Assert.java:1382)
at org.example.stepdefs.GetAllBooksAPIStepDef.theAPIResponseShouldReturnStatusCode(GetAllBooksAPIStepDef.java:129)
at ✽.the get all books API response should return status code 401(file:///D:/UOM/L4S1%20academic/ITQA/ITQA-Group-5/APITesting/src/test/resources/features/get_all_books.feature:19)
]]>
            </full-stacktrace>
          </exception> <!-- java.lang.AssertionError -->
          <reporter-output>
          </reporter-output>
        </test-method> <!-- runScenario -->
        <test-method signature="runScenario(io.cucumber.testng.PickleWrapper,io.cucumber.testng.FeatureWrapper)[pri:0, instance:runner.TestRunner@ef9296d]" started-at="2025-01-02T12:59:20 IST" name="runScenario" description="Runs Cucumber Scenarios" data-provider="scenarios" finished-at="2025-01-02T12:59:22 IST" duration-ms="2697" status="FAIL">
          <params>
            <param index="0">
              <value>
                <![CDATA["Get all books with invalid password for user"]]>
              </value>
            </param>
            <param index="1">
              <value>
                <![CDATA["Get All Books API"]]>
              </value>
            </param>
          </params>
          <exception class="java.lang.AssertionError">
            <message>
              <![CDATA[Status code mismatch! expected [401] but found [200]]]>
            </message>
            <full-stacktrace>
              <![CDATA[java.lang.AssertionError: Status code mismatch! expected [401] but found [200]
at org.testng.Assert.fail(Assert.java:110)
at org.testng.Assert.failNotEquals(Assert.java:1577)
at org.testng.Assert.assertEqualsImpl(Assert.java:149)
at org.testng.Assert.assertEquals(Assert.java:131)
at org.testng.Assert.assertEquals(Assert.java:1418)
at org.testng.Assert.assertEquals(Assert.java:1382)
at org.example.stepdefs.GetAllBooksAPIStepDef.theAPIResponseShouldReturnStatusCode(GetAllBooksAPIStepDef.java:129)
at ✽.the get all books API response should return status code 401(file:///D:/UOM/L4S1%20academic/ITQA/ITQA-Group-5/APITesting/src/test/resources/features/get_all_books.feature:24)
]]>
            </full-stacktrace>
          </exception> <!-- java.lang.AssertionError -->
          <reporter-output>
          </reporter-output>
        </test-method> <!-- runScenario -->
        <test-method signature="runScenario(io.cucumber.testng.PickleWrapper,io.cucumber.testng.FeatureWrapper)[pri:0, instance:runner.TestRunner@ef9296d]" started-at="2025-01-02T12:59:20 IST" name="runScenario" description="Runs Cucumber Scenarios" data-provider="scenarios" finished-at="2025-01-02T12:59:22 IST" duration-ms="2697" status="FAIL">
          <params>
            <param index="0">
              <value>
                <![CDATA["Get all books with invalid password for admin"]]>
              </value>
            </param>
            <param index="1">
              <value>
                <![CDATA["Get All Books API"]]>
              </value>
            </param>
          </params>
          <exception class="java.lang.AssertionError">
            <message>
              <![CDATA[Status code mismatch! expected [401] but found [200]]]>
            </message>
            <full-stacktrace>
              <![CDATA[java.lang.AssertionError: Status code mismatch! expected [401] but found [200]
at org.testng.Assert.fail(Assert.java:110)
at org.testng.Assert.failNotEquals(Assert.java:1577)
at org.testng.Assert.assertEqualsImpl(Assert.java:149)
at org.testng.Assert.assertEquals(Assert.java:131)
at org.testng.Assert.assertEquals(Assert.java:1418)
at org.testng.Assert.assertEquals(Assert.java:1382)
at org.example.stepdefs.GetAllBooksAPIStepDef.theAPIResponseShouldReturnStatusCode(GetAllBooksAPIStepDef.java:129)
at ✽.the get all books API response should return status code 401(file:///D:/UOM/L4S1%20academic/ITQA/ITQA-Group-5/APITesting/src/test/resources/features/get_all_books.feature:34)
]]>
            </full-stacktrace>
          </exception> <!-- java.lang.AssertionError -->
          <reporter-output>
          </reporter-output>
        </test-method> <!-- runScenario -->
        <test-method signature="runScenario(io.cucumber.testng.PickleWrapper,io.cucumber.testng.FeatureWrapper)[pri:0, instance:runner.TestRunner@ef9296d]" started-at="2025-01-02T12:59:20 IST" name="runScenario" description="Runs Cucumber Scenarios" data-provider="scenarios" finished-at="2025-01-02T12:59:22 IST" duration-ms="2695" status="FAIL">
          <params>
            <param index="0">
              <value>
                <![CDATA["Get all books with all invalid credentials"]]>
              </value>
            </param>
            <param index="1">
              <value>
                <![CDATA["Get All Books API"]]>
              </value>
            </param>
          </params>
          <exception class="java.lang.AssertionError">
            <message>
              <![CDATA[Status code mismatch! expected [401] but found [200]]]>
            </message>
            <full-stacktrace>
              <![CDATA[java.lang.AssertionError: Status code mismatch! expected [401] but found [200]
at org.testng.Assert.fail(Assert.java:110)
at org.testng.Assert.failNotEquals(Assert.java:1577)
at org.testng.Assert.assertEqualsImpl(Assert.java:149)
at org.testng.Assert.assertEquals(Assert.java:131)
at org.testng.Assert.assertEquals(Assert.java:1418)
at org.testng.Assert.assertEquals(Assert.java:1382)
at org.example.stepdefs.GetAllBooksAPIStepDef.theAPIResponseShouldReturnStatusCode(GetAllBooksAPIStepDef.java:129)
at ✽.the get all books API response should return status code 401(file:///D:/UOM/L4S1%20academic/ITQA/ITQA-Group-5/APITesting/src/test/resources/features/get_all_books.feature:39)
]]>
            </full-stacktrace>
          </exception> <!-- java.lang.AssertionError -->
          <reporter-output>
          </reporter-output>
        </test-method> <!-- runScenario -->
        <test-method signature="runScenario(io.cucumber.testng.PickleWrapper,io.cucumber.testng.FeatureWrapper)[pri:0, instance:runner.TestRunner@ef9296d]" started-at="2025-01-02T12:59:20 IST" name="runScenario" description="Runs Cucumber Scenarios" data-provider="scenarios" finished-at="2025-01-02T12:59:22 IST" duration-ms="2676" status="PASS">
          <params>
            <param index="0">
              <value>
                <![CDATA["Get all books when there are no books"]]>
              </value>
            </param>
            <param index="1">
              <value>
                <![CDATA["Get All Books API"]]>
              </value>
            </param>
          </params>
          <reporter-output>
          </reporter-output>
        </test-method> <!-- runScenario -->
        <test-method is-config="true" signature="tearDownClass()[pri:0, instance:runner.TestRunner@ef9296d]" started-at="2025-01-02T12:59:23 IST" name="tearDownClass" finished-at="2025-01-02T12:59:25 IST" duration-ms="2405" status="PASS">
          <reporter-output>
          </reporter-output>
        </test-method> <!-- tearDownClass -->
      </class> <!-- runner.TestRunner -->
    </test> <!-- Cucumber Tests -->
  </suite> <!-- Cucumber Parallel Suite -->
</testng-results>
